<?xml version="1.0" encoding="utf-8"?><testsuites name="pytest tests"><testsuite name="pytest" errors="0" failures="0" skipped="0" tests="5" time="1.085" timestamp="2026-05-01T13:29:05.449062+00:00" hostname="agent-env-f6476e91-6549-40b6-8266-b62391af38bb"><testcase classname="backend.tests.test_marketing_site_api" name="test_api_root_returns_running_message" time="0.194" /><testcase classname="backend.tests.test_marketing_site_api" name="test_create_inquiry_success_and_no_mongo_object_id" time="0.150" /><testcase classname="backend.tests.test_marketing_site_api" name="test_create_inquiry_invalid_email_rejected" time="0.146" /><testcase classname="backend.tests.test_marketing_site_api" name="test_create_status_check_success" time="0.175" /><testcase classname="backend.tests.test_marketing_site_api" name="test_get_status_checks_contains_created_record" time="0.215" /></testsuite></testsuites>