<?xml version="1.0" encoding="utf-8"?><testsuites name="pytest tests"><testsuite name="pytest" errors="0" failures="0" skipped="0" tests="5" time="0.853" timestamp="2026-05-01T14:21:15.063195+00:00" hostname="agent-env-f6476e91-6549-40b6-8266-b62391af38bb"><testcase classname="backend.tests.test_marketing_site_api" name="test_api_root_returns_running_message" time="0.202" /><testcase classname="backend.tests.test_marketing_site_api" name="test_create_inquiry_success_and_no_mongo_object_id" time="0.103" /><testcase classname="backend.tests.test_marketing_site_api" name="test_create_inquiry_invalid_email_rejected" time="0.168" /><testcase classname="backend.tests.test_marketing_site_api" name="test_create_status_check_success" time="0.126" /><testcase classname="backend.tests.test_marketing_site_api" name="test_get_status_checks_contains_created_record" time="0.186" /></testsuite></testsuites>